[0.009s] Invoking command in '/home/charan-kasturi/turtlesim_project/build/custom_interfaces': CMAKE_PREFIX_PATH=${CMAKE_PREFIX_PATH}:/home/charan-kasturi/turtlesim_project/install/spawner:/home/charan-kasturi/turtlesim_project/install/controller:/home/charan-kasturi/sub_and_pub/install/subscriber:/home/charan-kasturi/sub_and_pub/install/publisher:/home/charan-kasturi/custom_msg/install/led:/home/charan-kasturi/custom_msg/install/custom:/home/charan-kasturi/custom_msg/install/battery:/home/charan-kasturi/client_and_server/install/server:/home/charan-kasturi/client_and_server/install/client:/home/charan-kasturi/install/subscriber:/home/charan-kasturi/install/server:/home/charan-kasturi/install/py_pkg:/home/charan-kasturi/install/publisher:/home/charan-kasturi/install/client:/home/charan-kasturi/ros2_ws/install/py_pkg:/opt/ros/humble /usr/bin/cmake --build /home/charan-kasturi/turtlesim_project/build/custom_interfaces -- -j20 -l20
[0.026s] -- Found ament_cmake: 1.3.10 (/opt/ros/humble/share/ament_cmake/cmake)
[0.113s] -- Found rosidl_default_generators: 1.2.0 (/opt/ros/humble/share/rosidl_default_generators/cmake)
[0.115s] -- Using all available rosidl_typesupport_c: rosidl_typesupport_fastrtps_c;rosidl_typesupport_introspection_c
[0.117s] -- Found rosidl_adapter: 3.1.5 (/opt/ros/humble/share/rosidl_adapter/cmake)
[0.135s] -- Using all available rosidl_typesupport_cpp: rosidl_typesupport_fastrtps_cpp;rosidl_typesupport_introspection_cpp
[0.278s] [31mCMake Error at /opt/ros/humble/share/rosidl_adapter/cmake/rosidl_adapt_interfaces.cmake:59 (message):
[0.278s]   execute_process(/usr/bin/python3 -m rosidl_adapter --package-name
[0.278s]   custom_interfaces --arguments-file
[0.278s]   /home/charan-kasturi/turtlesim_project/build/custom_interfaces/rosidl_adapter__arguments__custom_interfaces.json
[0.278s]   --output-dir
[0.278s]   /home/charan-kasturi/turtlesim_project/build/custom_interfaces/rosidl_adapter/custom_interfaces
[0.278s]   --output-file
[0.278s]   /home/charan-kasturi/turtlesim_project/build/custom_interfaces/rosidl_adapter/custom_interfaces.idls)
[0.278s]   returned error code 1:
[0.278s] 
[0.278s]   Error processing 'float32 thetaSS' of 'custom_interfaces/NewTurtlePose':
[0.278s]   ''thetaSS' is an invalid field name.  It should have the pattern
[0.278s]   '^(?!.*__)(?!.*_$)[a-z][a-z0-9_]*$''
[0.279s] 
[0.279s]   Traceback (most recent call last):
[0.279s] 
[0.279s]     File "/usr/lib/python3.10/runpy.py", line 196, in _run_module_as_main
[0.279s]       return _run_code(code, main_globals, None,
[0.279s]     File "/usr/lib/python3.10/runpy.py", line 86, in _run_code
[0.279s]       exec(code, run_globals)
[0.279s]     File "/opt/ros/humble/local/lib/python3.10/dist-packages/rosidl_adapter/__main__.py", line 19, in <module>
[0.279s]       sys.exit(main())
[0.279s]     File "/opt/ros/humble/local/lib/python3.10/dist-packages/rosidl_adapter/main.py", line 53, in main
[0.279s]       abs_idl_file = convert_to_idl(
[0.279s]     File "/opt/ros/humble/local/lib/python3.10/dist-packages/rosidl_adapter/__init__.py", line 19, in convert_to_idl
[0.279s]       return convert_msg_to_idl(
[0.279s]     File "/opt/ros/humble/local/lib/python3.10/dist-packages/rosidl_adapter/msg/__init__.py", line 28, in convert_msg_to_idl
[0.279s]       msg = parse_message_string(package_name, input_file.stem, content)
[0.279s]     File "/opt/ros/humble/local/lib/python3.10/dist-packages/rosidl_adapter/parser.py", line 519, in parse_message_string
[0.279s]       fields.append(Field(
[0.279s]     File "/opt/ros/humble/local/lib/python3.10/dist-packages/rosidl_adapter/parser.py", line 354, in __init__
[0.279s]       raise NameError(
[0.279s] 
[0.279s]   NameError: 'thetaSS' is an invalid field name.  It should have the pattern
[0.279s]   '^(?!.*__)(?!.*_$)[a-z][a-z0-9_]*$'
[0.279s] 
[0.279s] Call Stack (most recent call first):
[0.279s]   /opt/ros/humble/share/rosidl_cmake/cmake/rosidl_generate_interfaces.cmake:130 (rosidl_adapt_interfaces)
[0.279s]   CMakeLists.txt:12 (rosidl_generate_interfaces)
[0.279s] 
[0.279s] [0m
[0.279s] -- Configuring incomplete, errors occurred!
[0.279s] See also "/home/charan-kasturi/turtlesim_project/build/custom_interfaces/CMakeFiles/CMakeOutput.log".
[0.281s] gmake: *** [Makefile:963: cmake_check_build_system] Error 1
[0.282s] Invoked command in '/home/charan-kasturi/turtlesim_project/build/custom_interfaces' returned '2': CMAKE_PREFIX_PATH=${CMAKE_PREFIX_PATH}:/home/charan-kasturi/turtlesim_project/install/spawner:/home/charan-kasturi/turtlesim_project/install/controller:/home/charan-kasturi/sub_and_pub/install/subscriber:/home/charan-kasturi/sub_and_pub/install/publisher:/home/charan-kasturi/custom_msg/install/led:/home/charan-kasturi/custom_msg/install/custom:/home/charan-kasturi/custom_msg/install/battery:/home/charan-kasturi/client_and_server/install/server:/home/charan-kasturi/client_and_server/install/client:/home/charan-kasturi/install/subscriber:/home/charan-kasturi/install/server:/home/charan-kasturi/install/py_pkg:/home/charan-kasturi/install/publisher:/home/charan-kasturi/install/client:/home/charan-kasturi/ros2_ws/install/py_pkg:/opt/ros/humble /usr/bin/cmake --build /home/charan-kasturi/turtlesim_project/build/custom_interfaces -- -j20 -l20
